{"total": {"lines":{"total":235,"covered":220,"skipped":0,"pct":93.61},"statements":{"total":240,"covered":223,"skipped":0,"pct":92.91},"functions":{"total":45,"covered":42,"skipped":0,"pct":93.33},"branches":{"total":135,"covered":92,"skipped":0,"pct":68.14},"branchesTrue":{"total":0,"covered":0,"skipped":0,"pct":"Unknown"}}
,"/Users/dmitrijd/Desktop/Start/npm_modules/mock-tcp-server/src/Tcp_Server.ts": {"lines":{"total":58,"covered":53,"skipped":0,"pct":91.37},"functions":{"total":9,"covered":8,"skipped":0,"pct":88.88},"statements":{"total":59,"covered":53,"skipped":0,"pct":89.83},"branches":{"total":47,"covered":33,"skipped":0,"pct":70.21}}
,"/Users/dmitrijd/Desktop/Start/npm_modules/mock-tcp-server/src/Tcp_Servers.ts": {"lines":{"total":10,"covered":9,"skipped":0,"pct":90},"functions":{"total":7,"covered":6,"skipped":0,"pct":85.71},"statements":{"total":12,"covered":10,"skipped":0,"pct":83.33},"branches":{"total":3,"covered":1,"skipped":0,"pct":33.33}}
,"/Users/dmitrijd/Desktop/Start/npm_modules/mock-tcp-server/src/Tcp_Socket.ts": {"lines":{"total":63,"covered":58,"skipped":0,"pct":92.06},"functions":{"total":11,"covered":11,"skipped":0,"pct":100},"statements":{"total":64,"covered":59,"skipped":0,"pct":92.18},"branches":{"total":35,"covered":24,"skipped":0,"pct":68.57}}
,"/Users/dmitrijd/Desktop/Start/npm_modules/mock-tcp-server/src/detect_host.ts": {"lines":{"total":9,"covered":8,"skipped":0,"pct":88.88},"functions":{"total":1,"covered":1,"skipped":0,"pct":100},"statements":{"total":9,"covered":8,"skipped":0,"pct":88.88},"branches":{"total":6,"covered":4,"skipped":0,"pct":66.66}}
,"/Users/dmitrijd/Desktop/Start/npm_modules/mock-tcp-server/src/index.ts": {"lines":{"total":71,"covered":69,"skipped":0,"pct":97.18},"functions":{"total":10,"covered":10,"skipped":0,"pct":100},"statements":{"total":72,"covered":70,"skipped":0,"pct":97.22},"branches":{"total":31,"covered":21,"skipped":0,"pct":67.74}}
,"/Users/dmitrijd/Desktop/Start/npm_modules/mock-tcp-server/src/settings.store.ts": {"lines":{"total":14,"covered":14,"skipped":0,"pct":100},"functions":{"total":4,"covered":4,"skipped":0,"pct":100},"statements":{"total":14,"covered":14,"skipped":0,"pct":100},"branches":{"total":6,"covered":3,"skipped":0,"pct":50}}
,"/Users/dmitrijd/Desktop/Start/npm_modules/mock-tcp-server/src/tcp_servers.store.ts": {"lines":{"total":10,"covered":9,"skipped":0,"pct":90},"functions":{"total":3,"covered":2,"skipped":0,"pct":66.66},"statements":{"total":10,"covered":9,"skipped":0,"pct":90},"branches":{"total":7,"covered":6,"skipped":0,"pct":85.71}}
}
